hi i'm starting

Namespace(aggressive=0, batch_size=32, beta=1.0, betavae=0.2, cuda=True, dataset='yahoo', dec_dropout_in=0.5, dec_dropout_out=0.5, dec_nh=1024, dec_type='lstm', decode_from='', decode_input='', decoding_strategy='greedy', enc_nh=1024, enc_type='lstm', epochs=100, eval=False, exp_dir=None, fb=0, fix_var=-1, freeze_epoch=-1, icnn_nh=1024, icnn_num_layers=2, iw_nsamples=500, iw_train_ns=1, iw_train_nsamples=-1, jobid=0, kl_start=1.0, l2reg=5e-06, label=False, load_best_epoch=15, load_path='', log_path='logs/yahoo/yahoo_idvae_aggressive0_kls1.00_lr0.01_l2reg0.00_warm0_0_5_505.log', lr=0.01, model='idvae', momentum=0, ni=512, nsamples=1, nz=32, opt='sgd', optim='rmsprop', reconstruct_from='', reconstruct_to='decoding.txt', reset_dec=False, save_ckpt=0, save_latent=0, save_path='models/yahoo/yahoo_idvae_aggressive0_kls1.00_lr0.01_l2reg0.00_warm0_0_5_505.pt', seed=505, subsample=30000, subsample_eval=10000, target_kl=-1, taskid=5, test_data='datasets/yahoo_data/yahoo.test.txt', test_nepoch=5, train_data='datasets/yahoo_data/yahoo.train.txt', val_data='datasets/yahoo_data/yahoo.valid.txt', warm_up=0)

ID-sequential-VAETrain data: 30000 samplesfinish reading datasets, vocab size is 20001

epoch: 0, iter: 0, avg_loss: 465.4608, kl: 0.0000, mi: -0.0216, recon: 465.4608,au 0, time elapsed 10.12sau_vartensor([9.0940e-13, 1.3255e-12, 9.9543e-13, 1.9271e-12, 1.3787e-12, 1.4720e-12,
        2.0374e-12, 3.8710e-12, 1.1759e-12, 1.9567e-12, 1.9858e-12, 3.0831e-12,
        1.1718e-12, 1.2622e-12, 1.2690e-12, 1.7808e-12, 1.4928e-12, 1.3480e-12,
        9.7797e-13, 3.5799e-12, 1.2790e-12, 4.9309e-12, 2.0381e-12, 1.3760e-12,
        1.4737e-12, 2.3888e-12, 8.3901e-13, 1.5751e-12, 3.2145e-12, 1.2329e-12,
        2.3070e-12, 3.8395e-12], device='cuda:0')epoch: 0, iter: 93, avg_loss: 837076182771304704.0000, kl: 837076182768681216.0000, mi: 2.7766, recon: 2623460.3749,au 32, time elapsed 74.03sau_vartensor([0.3913, 0.3520, 0.3866, 0.3552, 0.3522, 0.3513, 0.3496, 0.3723, 0.3690,
        0.3468, 0.3705, 0.3746, 0.3773, 0.3853, 0.3784, 0.3575, 0.3517, 0.3593,
        0.3747, 0.3655, 0.3552, 0.3789, 0.3484, 0.3515, 0.3832, 0.3541, 0.3845,
        0.3509, 0.3895, 0.3567, 0.3486, 0.3714], device='cuda:0')epoch: 0, iter: 186, avg_loss: 1251.8818, kl: 9.0014, mi: 0.6610, recon: 1242.8804,au 32, time elapsed 140.31sau_vartensor([0.0506, 0.0475, 0.0475, 0.0439, 0.0436, 0.0495, 0.0486, 0.0572, 0.0462,
        0.0489, 0.0462, 0.0583, 0.0430, 0.0469, 0.0472, 0.0529, 0.0504, 0.0480,
        0.0484, 0.0533, 0.0443, 0.0592, 0.0490, 0.0515, 0.0504, 0.0432, 0.0471,
        0.0489, 0.0496, 0.0455, 0.0480, 0.0549], device='cuda:0')epoch: 0, iter: 279, avg_loss: 799.5472, kl: 0.8835, mi: 0.0727, recon: 798.6637,au 0, time elapsed 206.28sau_vartensor([0.0043, 0.0032, 0.0044, 0.0033, 0.0033, 0.0033, 0.0031, 0.0027, 0.0035,
        0.0032, 0.0035, 0.0027, 0.0042, 0.0047, 0.0045, 0.0030, 0.0033, 0.0033,
        0.0038, 0.0030, 0.0033, 0.0027, 0.0033, 0.0031, 0.0041, 0.0033, 0.0043,
        0.0035, 0.0044, 0.0034, 0.0033, 0.0028], device='cuda:0')epoch: 0, iter: 372, avg_loss: 698.7049, kl: 0.1951, mi: 0.0278, recon: 698.5099,au 0, time elapsed 274.45sau_vartensor([0.0008, 0.0005, 0.0008, 0.0005, 0.0005, 0.0005, 0.0005, 0.0005, 0.0006,
        0.0005, 0.0006, 0.0005, 0.0007, 0.0008, 0.0008, 0.0005, 0.0005, 0.0005,
        0.0007, 0.0005, 0.0005, 0.0005, 0.0005, 0.0005, 0.0007, 0.0005, 0.0008,
        0.0005, 0.0008, 0.0005, 0.0005, 0.0005], device='cuda:0')epoch: 0, iter: 465, avg_loss: 651.5277, kl: 0.0208, mi: 0.0055, recon: 651.5070,au 0, time elapsed 339.88sau_vartensor([1.3228e-04, 6.8210e-05, 1.2944e-04, 7.5380e-05, 6.5004e-05, 6.6692e-05,
        6.8041e-05, 6.9423e-05, 8.5254e-05, 7.1430e-05, 8.2633e-05, 6.6033e-05,
        1.0553e-04, 1.4233e-04, 1.2832e-04, 6.2041e-05, 6.9427e-05, 7.1424e-05,
        1.0698e-04, 6.7261e-05, 6.5929e-05, 7.2347e-05, 7.0336e-05, 6.6776e-05,
        1.2132e-04, 6.8801e-05, 1.2458e-04, 7.4964e-05, 1.2658e-04, 6.6633e-05,
        6.8784e-05, 7.2396e-05], device='cuda:0')epoch: 0, iter: 558, avg_loss: 624.1239, kl: 0.0327, mi: 0.0391, recon: 624.0912,au 0, time elapsed 405.70sau_vartensor([1.1539e-04, 8.8861e-05, 1.2360e-04, 9.4345e-05, 8.8874e-05, 7.6308e-05,
        6.4282e-05, 1.0627e-04, 5.8910e-05, 7.9352e-05, 8.8767e-05, 1.0326e-04,
        1.0590e-04, 1.1886e-04, 1.4157e-04, 7.3469e-05, 8.7764e-05, 9.2191e-05,
        1.3965e-04, 7.8357e-05, 7.6702e-05, 6.4338e-05, 8.2246e-05, 1.2139e-04,
        1.1622e-04, 1.1131e-04, 1.1575e-04, 8.4150e-05, 1.2750e-04, 1.1491e-04,
        7.8378e-05, 7.5649e-05], device='cuda:0')epoch: 0, iter: 651, avg_loss: 616.0129, kl: 0.0688, mi: 0.0308, recon: 615.9440,au 0, time elapsed 471.99sau_vartensor([1.0884e-05, 7.8104e-06, 7.9249e-06, 5.0846e-06, 5.2115e-06, 8.5651e-06,
        5.2716e-06, 4.3648e-06, 8.4851e-06, 4.7520e-06, 6.4677e-06, 3.9900e-06,
        8.8567e-06, 6.9661e-06, 7.4941e-06, 6.0000e-06, 7.4053e-06, 4.9772e-06,
        7.8295e-06, 6.5071e-06, 4.4896e-06, 3.6576e-06, 5.6817e-06, 4.7603e-06,
        1.0050e-05, 3.3928e-06, 8.5884e-06, 6.7751e-06, 8.5772e-06, 4.4639e-06,
        5.6449e-06, 5.7196e-06], device='cuda:0')epoch: 0, iter: 744, avg_loss: 655.4429, kl: 0.0640, mi: 0.0360, recon: 655.3789,au 0, time elapsed 538.53sau_vartensor([3.6297e-05, 4.5224e-05, 5.5508e-05, 6.5506e-05, 1.0225e-04, 3.8001e-05,
        4.6190e-05, 3.2453e-05, 6.0817e-05, 4.9875e-05, 6.3533e-05, 5.8633e-06,
        3.7194e-05, 4.4335e-05, 9.4724e-05, 2.2494e-05, 4.3407e-05, 7.7225e-05,
        2.4190e-05, 6.4690e-05, 9.1645e-05, 4.5644e-05, 5.7188e-05, 4.3056e-05,
        2.5447e-05, 8.9260e-05, 3.5197e-05, 4.8150e-05, 2.7306e-05, 9.9204e-05,
        6.2710e-05, 3.1842e-05], device='cuda:0')epoch: 0, iter: 837, avg_loss: 988.9583, kl: 365.7351, mi: 0.0822, recon: 623.2232,au 0, time elapsed 600.00sau_vartensor([0.0032, 0.0029, 0.0036, 0.0011, 0.0024, 0.0025, 0.0013, 0.0013, 0.0016,
        0.0012, 0.0013, 0.0026, 0.0036, 0.0044, 0.0048, 0.0011, 0.0013, 0.0014,
        0.0035, 0.0015, 0.0022, 0.0019, 0.0029, 0.0014, 0.0025, 0.0019, 0.0036,
        0.0013, 0.0027, 0.0017, 0.0012, 0.0013], device='cuda:0')epoch: 0, iter: 930, avg_loss: 593.9581, kl: 4.2051, mi: 0.0054, recon: 589.7530,au 0, time elapsed 662.82sau_vartensor([0.0006, 0.0005, 0.0008, 0.0004, 0.0004, 0.0005, 0.0013, 0.0007, 0.0005,
        0.0002, 0.0004, 0.0004, 0.0008, 0.0009, 0.0012, 0.0003, 0.0016, 0.0005,
        0.0007, 0.0016, 0.0008, 0.0007, 0.0004, 0.0012, 0.0004, 0.0007, 0.0009,
        0.0002, 0.0007, 0.0003, 0.0003, 0.0003], device='cuda:0')kl weight 1.00000 active unitsiw nll: 642.0800, iw ppl: 3038.6970mi: 0.0278, kl: 3.7306update best lossepoch: 1, iter: 1023, avg_loss: 981.7566, kl: 4.0158, mi: 0.0481, recon: 977.7407,au 0, time elapsed 845.67sau_vartensor([0.0008, 0.0009, 0.0038, 0.0005, 0.0032, 0.0017, 0.0004, 0.0016, 0.0011,
        0.0008, 0.0022, 0.0028, 0.0044, 0.0033, 0.0022, 0.0017, 0.0027, 0.0025,
        0.0003, 0.0007, 0.0013, 0.0005, 0.0017, 0.0032, 0.0016, 0.0016, 0.0033,
        0.0017, 0.0023, 0.0016, 0.0018, 0.0011], device='cuda:0')epoch: 1, iter: 1116, avg_loss: 659.1039, kl: 2.7115, mi: 0.0730, recon: 656.3924,au 0, time elapsed 910.06sau_vartensor([0.0020, 0.0009, 0.0012, 0.0024, 0.0013, 0.0006, 0.0026, 0.0041, 0.0012,
        0.0022, 0.0030, 0.0013, 0.0014, 0.0018, 0.0019, 0.0019, 0.0035, 0.0034,
        0.0010, 0.0042, 0.0004, 0.0047, 0.0005, 0.0046, 0.0014, 0.0002, 0.0010,
        0.0017, 0.0018, 0.0015, 0.0022, 0.0037], device='cuda:0')epoch: 1, iter: 1209, avg_loss: 688.9577, kl: 4.9663, mi: 0.1973, recon: 683.9915,au 4, time elapsed 974.79sau_vartensor([0.0044, 0.0090, 0.0015, 0.0088, 0.0069, 0.0089, 0.0054, 0.0019, 0.0089,
        0.0086, 0.0013, 0.0015, 0.0057, 0.0035, 0.0013, 0.0085, 0.0082, 0.0077,
        0.0022, 0.0043, 0.0077, 0.0015, 0.0111, 0.0062, 0.0040, 0.0112, 0.0043,
        0.0097, 0.0040, 0.0114, 0.0102, 0.0017], device='cuda:0')epoch: 1, iter: 1302, avg_loss: 760.3212, kl: 17.9919, mi: 3.2511, recon: 742.3293,au 32, time elapsed 1040.65sau_vartensor([0.1992, 0.1846, 0.2176, 0.1705, 0.2028, 0.1997, 0.1931, 0.1888, 0.2035,
        0.1812, 0.1881, 0.2196, 0.2043, 0.2028, 0.4553, 0.1851, 0.2044, 0.1806,
        0.1673, 0.1829, 0.1966, 0.2004, 0.1836, 0.1901, 0.1842, 0.1914, 0.2053,
        0.1722, 0.1800, 0.1753, 0.1775, 0.1921], device='cuda:0')epoch: 1, iter: 1395, avg_loss: 791.2858, kl: 42.1626, mi: 0.3983, recon: 749.1232,au 32, time elapsed 1104.74sau_vartensor([0.0209, 0.0159, 0.0239, 0.0132, 0.0219, 0.0164, 0.0179, 0.0172, 0.0164,
        0.0160, 0.0125, 0.0170, 0.0215, 0.0229, 0.0230, 0.0144, 0.0193, 0.0150,
        0.0173, 0.0173, 0.0170, 0.0182, 0.0157, 0.0164, 0.0223, 0.0198, 0.0234,
        0.0116, 0.0171, 0.0132, 0.0126, 0.0174], device='cuda:0')epoch: 1, iter: 1488, avg_loss: 842.3584, kl: 2.3556, mi: 0.0924, recon: 840.0028,au 0, time elapsed 1173.15sau_vartensor([0.0029, 0.0033, 0.0041, 0.0020, 0.0049, 0.0059, 0.0028, 0.0026, 0.0049,
        0.0024, 0.0019, 0.0027, 0.0044, 0.0039, 0.0051, 0.0035, 0.0031, 0.0025,
        0.0030, 0.0027, 0.0038, 0.0029, 0.0033, 0.0024, 0.0035, 0.0030, 0.0042,
        0.0026, 0.0045, 0.0032, 0.0033, 0.0027], device='cuda:0')epoch: 1, iter: 1581, avg_loss: 722.1554, kl: 4.1315, mi: 0.0541, recon: 718.0239,au 0, time elapsed 1239.08sau_vartensor([0.0019, 0.0025, 0.0082, 0.0013, 0.0041, 0.0019, 0.0018, 0.0031, 0.0030,
        0.0015, 0.0012, 0.0028, 0.0017, 0.0025, 0.0044, 0.0020, 0.0018, 0.0013,
        0.0020, 0.0020, 0.0018, 0.0018, 0.0024, 0.0016, 0.0019, 0.0012, 0.0019,
        0.0018, 0.0027, 0.0030, 0.0022, 0.0056], device='cuda:0')epoch: 1, iter: 1674, avg_loss: 661.7612, kl: 1.3441, mi: 0.0521, recon: 660.4171,au 0, time elapsed 1302.44sau_vartensor([0.0016, 0.0010, 0.0048, 0.0060, 0.0075, 0.0071, 0.0084, 0.0026, 0.0032,
        0.0041, 0.0023, 0.0052, 0.0026, 0.0054, 0.0026, 0.0041, 0.0017, 0.0013,
        0.0097, 0.0019, 0.0014, 0.0011, 0.0012, 0.0013, 0.0013, 0.0011, 0.0013,
        0.0013, 0.0011, 0.0011, 0.0021, 0.0023], device='cuda:0')epoch: 1, iter: 1767, avg_loss: 683.5599, kl: 2.1857, mi: 0.1305, recon: 681.3741,au 8, time elapsed 1367.12sau_vartensor([0.0085, 0.0012, 0.0313, 0.0074, 0.0106, 0.0062, 0.0180, 0.0036, 0.0072,
        0.0107, 0.0169, 0.0052, 0.0077, 0.0059, 0.0053, 0.0042, 0.0145, 0.0065,
        0.0057, 0.0017, 0.0051, 0.0031, 0.0120, 0.0056, 0.0142, 0.0023, 0.0073,
        0.0020, 0.0086, 0.0070, 0.0047, 0.0019], device='cuda:0')epoch: 1, iter: 1860, avg_loss: 729.5176, kl: 3.2466, mi: -0.0018, recon: 726.2710,au 0, time elapsed 1432.68sau_vartensor([0.0014, 0.0006, 0.0005, 0.0010, 0.0015, 0.0009, 0.0010, 0.0006, 0.0020,
        0.0004, 0.0008, 0.0005, 0.0009, 0.0010, 0.0006, 0.0011, 0.0017, 0.0005,
        0.0017, 0.0005, 0.0008, 0.0008, 0.0007, 0.0006, 0.0008, 0.0004, 0.0016,
        0.0007, 0.0015, 0.0004, 0.0013, 0.0009], device='cuda:0')epoch: 1, iter: 1953, avg_loss: 771.8412, kl: 0.9990, mi: 0.0292, recon: 770.8423,au 0, time elapsed 1498.43sau_vartensor([9.9988e-05, 1.8895e-04, 3.3290e-04, 2.7117e-04, 6.1118e-04, 3.8396e-04,
        2.8731e-04, 1.3830e-04, 3.4779e-04, 1.3581e-04, 2.3628e-04, 4.6369e-04,
        3.0117e-04, 8.2231e-04, 8.7370e-04, 3.7162e-04, 3.8523e-04, 9.7390e-05,
        1.4502e-04, 2.9870e-04, 2.8527e-04, 1.3337e-04, 1.5545e-04, 2.2256e-04,
        1.3025e-04, 5.7026e-04, 5.6797e-04, 9.1162e-04, 2.4312e-04, 4.9035e-04,
        1.3736e-04, 1.0292e-04], device='cuda:0')kl weight 1.000032 active unitsiw nll: 674.9657, iw ppl: 4582.0674mi: 2.2354, kl: 6.2868epoch: 2, iter: 2046, avg_loss: 911.0849, kl: 6.8041, mi: 1.2428, recon: 904.2808,au 32, time elapsed 1650.83sau_vartensor([0.0247, 0.0360, 0.1330, 0.0327, 0.0426, 0.0280, 0.0244, 0.0370, 0.0376,
        0.0323, 0.0490, 0.0369, 0.0767, 0.1458, 0.1504, 0.0332, 0.0286, 0.0613,
        0.0685, 0.0359, 0.1041, 0.0367, 0.0274, 0.0571, 0.0415, 0.0239, 0.0406,
        0.0291, 0.0849, 0.0317, 0.0294, 0.0535], device='cuda:0')epoch: 2, iter: 2139, avg_loss: 742.6111, kl: 10.0159, mi: 0.2060, recon: 732.5952,au 4, time elapsed 1713.92sau_vartensor([0.0049, 0.0057, 0.0090, 0.0059, 0.0079, 0.0058, 0.0050, 0.0064, 0.0077,
        0.0071, 0.0071, 0.0053, 0.0080, 0.0116, 0.0133, 0.0062, 0.0057, 0.0122,
        0.0087, 0.0067, 0.0096, 0.0078, 0.0062, 0.0084, 0.0055, 0.0051, 0.0074,
        0.0061, 0.0108, 0.0053, 0.0056, 0.0066], device='cuda:0')epoch: 2, iter: 2232, avg_loss: 749.1343, kl: 5.1179, mi: 0.1525, recon: 744.0165,au 0, time elapsed 1779.50sau_vartensor([0.0063, 0.0062, 0.0093, 0.0019, 0.0062, 0.0054, 0.0024, 0.0041, 0.0065,
        0.0045, 0.0049, 0.0034, 0.0030, 0.0038, 0.0084, 0.0034, 0.0038, 0.0031,
        0.0026, 0.0020, 0.0044, 0.0029, 0.0027, 0.0033, 0.0076, 0.0088, 0.0030,
        0.0027, 0.0094, 0.0018, 0.0031, 0.0029], device='cuda:0')epoch: 2, iter: 2325, avg_loss: 790.8525, kl: 3.6267, mi: 0.1559, recon: 787.2258,au 3, time elapsed 1847.07sau_vartensor([0.0025, 0.0014, 0.0071, 0.0055, 0.0082, 0.0039, 0.0128, 0.0016, 0.0051,
        0.0024, 0.0042, 0.0033, 0.0022, 0.0029, 0.0046, 0.0045, 0.0023, 0.0035,
        0.0065, 0.0022, 0.0028, 0.0134, 0.0045, 0.0017, 0.0025, 0.0025, 0.0019,
        0.0025, 0.0023, 0.0149, 0.0031, 0.0023], device='cuda:0')epoch: 2, iter: 2418, avg_loss: 791.6709, kl: 7.2609, mi: 0.1071, recon: 784.4099,au 3, time elapsed 1913.03sau_vartensor([0.0099, 0.0105, 0.0047, 0.0011, 0.0034, 0.0025, 0.0043, 0.0131, 0.0034,
        0.0023, 0.0031, 0.0042, 0.0053, 0.0084, 0.0039, 0.0047, 0.0021, 0.0034,
        0.0023, 0.0053, 0.0106, 0.0023, 0.0079, 0.0037, 0.0051, 0.0091, 0.0033,
        0.0023, 0.0028, 0.0050, 0.0084, 0.0054], device='cuda:0')epoch: 2, iter: 2511, avg_loss: 741.8230, kl: 5.6258, mi: 0.0432, recon: 736.1971,au 0, time elapsed 1977.97sau_vartensor([0.0015, 0.0024, 0.0019, 0.0011, 0.0018, 0.0023, 0.0010, 0.0016, 0.0019,
        0.0019, 0.0011, 0.0011, 0.0018, 0.0019, 0.0024, 0.0026, 0.0013, 0.0026,
        0.0019, 0.0013, 0.0014, 0.0017, 0.0017, 0.0024, 0.0026, 0.0010, 0.0020,
        0.0017, 0.0012, 0.0014, 0.0021, 0.0014], device='cuda:0')epoch: 2, iter: 2604, avg_loss: 772.5056, kl: 27.0236, mi: 0.6882, recon: 745.4821,au 32, time elapsed 2045.23sau_vartensor([0.0416, 0.0541, 0.0394, 0.0347, 0.0505, 0.0365, 0.0410, 0.0305, 0.0143,
        0.0239, 0.0742, 0.0377, 0.0394, 0.0380, 0.0543, 0.0332, 0.0359, 0.0739,
        0.0442, 0.0324, 0.0413, 0.0362, 0.0359, 0.0298, 0.0373, 0.0392, 0.0318,
        0.0229, 0.0244, 0.0202, 0.0308, 0.0342], device='cuda:0')epoch: 2, iter: 2697, avg_loss: 734.6815, kl: 9.0572, mi: 0.3748, recon: 725.6242,au 8, time elapsed 2110.04sau_vartensor([0.0092, 0.0100, 0.0024, 0.0037, 0.0064, 0.0100, 0.0057, 0.0019, 0.0065,
        0.0046, 0.0305, 0.0020, 0.0166, 0.0033, 0.0149, 0.0126, 0.0037, 0.0058,
        0.0084, 0.0036, 0.0071, 0.0076, 0.0025, 0.0045, 0.0052, 0.0082, 0.0058,
        0.0016, 0.0073, 0.0160, 0.0113, 0.0050], device='cuda:0')epoch: 2, iter: 2790, avg_loss: 836.3769, kl: 4.4550, mi: 0.6466, recon: 831.9220,au 31, time elapsed 2176.36sau_vartensor([0.1078, 0.0199, 0.0374, 0.0559, 0.0832, 0.0600, 0.0026, 0.0476, 0.0139,
        0.0378, 0.0816, 0.0288, 0.0573, 0.0450, 0.0395, 0.0372, 0.0294, 0.0407,
        0.0698, 0.0286, 0.0378, 0.0656, 0.0590, 0.0449, 0.1073, 0.1173, 0.0774,
        0.0583, 0.0281, 0.0261, 0.0473, 0.0987], device='cuda:0')epoch: 2, iter: 2883, avg_loss: 724.0963, kl: 6.8972, mi: 0.0786, recon: 717.1991,au 1, time elapsed 2241.02sau_vartensor([0.0081, 0.0044, 0.0032, 0.0012, 0.0022, 0.0032, 0.0067, 0.0033, 0.0032,
        0.0034, 0.0015, 0.0014, 0.0071, 0.0049, 0.0036, 0.0095, 0.0005, 0.0028,
        0.0026, 0.0014, 0.0072, 0.0027, 0.0033, 0.0078, 0.0061, 0.0010, 0.0080,
        0.0057, 0.0142, 0.0030, 0.0021, 0.0079], device='cuda:0')epoch: 2, iter: 2976, avg_loss: 786.5007, kl: 26.1837, mi: 0.0438, recon: 760.3170,au 0, time elapsed 2306.28sau_vartensor([0.0005, 0.0009, 0.0024, 0.0014, 0.0022, 0.0005, 0.0007, 0.0007, 0.0015,
        0.0011, 0.0012, 0.0004, 0.0005, 0.0040, 0.0019, 0.0008, 0.0009, 0.0021,
        0.0019, 0.0017, 0.0008, 0.0022, 0.0011, 0.0017, 0.0012, 0.0005, 0.0014,
        0.0005, 0.0005, 0.0004, 0.0020, 0.0008], device='cuda:0')kl weight 1.00000 active unitsiw nll: 588.5359, iw ppl: 1556.8985mi: 0.0755, kl: 15.1224update best lossepoch: 3, iter: 3069, avg_loss: 826.4851, kl: 15.0180, mi: 0.0124, recon: 811.4671,au 0, time elapsed 2461.81sau_vartensor([0.0018, 0.0023, 0.0014, 0.0003, 0.0016, 0.0005, 0.0054, 0.0019, 0.0006,
        0.0019, 0.0012, 0.0013, 0.0003, 0.0017, 0.0058, 0.0012, 0.0016, 0.0042,
        0.0062, 0.0010, 0.0006, 0.0010, 0.0007, 0.0054, 0.0005, 0.0003, 0.0040,
        0.0020, 0.0034, 0.0028, 0.0044, 0.0041], device='cuda:0')epoch: 3, iter: 3162, avg_loss: 810.4753, kl: 130.7115, mi: 0.3939, recon: 679.7638,au 16, time elapsed 2526.04sau_vartensor([0.0098, 0.0503, 0.0166, 0.0198, 0.0088, 0.0249, 0.0056, 0.0146, 0.0062,
        0.0048, 0.0043, 0.0152, 0.0233, 0.0095, 0.0074, 0.0110, 0.0178, 0.0145,
        0.0059, 0.0049, 0.0246, 0.0054, 0.0127, 0.0050, 0.0063, 0.0156, 0.0313,
        0.0032, 0.0139, 0.0083, 0.0125, 0.0076], device='cuda:0')epoch: 3, iter: 3255, avg_loss: 843.1966, kl: 16.0894, mi: 0.0888, recon: 827.1072,au 10, time elapsed 2590.96sau_vartensor([0.0134, 0.0190, 0.0049, 0.0130, 0.0068, 0.0096, 0.0062, 0.0203, 0.0061,
        0.0061, 0.0057, 0.0097, 0.0098, 0.0079, 0.0112, 0.0084, 0.0087, 0.0075,
        0.0050, 0.0045, 0.0125, 0.0078, 0.0032, 0.0052, 0.0140, 0.0093, 0.0111,
        0.0042, 0.0059, 0.0114, 0.0122, 0.0078], device='cuda:0')epoch: 3, iter: 3348, avg_loss: 910.7863, kl: 11.5568, mi: -0.0086, recon: 899.2295,au 0, time elapsed 2658.03sau_vartensor([0.0031, 0.0017, 0.0018, 0.0009, 0.0028, 0.0017, 0.0014, 0.0024, 0.0010,
        0.0044, 0.0023, 0.0012, 0.0018, 0.0009, 0.0008, 0.0037, 0.0031, 0.0017,
        0.0014, 0.0015, 0.0014, 0.0025, 0.0020, 0.0035, 0.0019, 0.0011, 0.0018,
        0.0019, 0.0022, 0.0019, 0.0020, 0.0019], device='cuda:0')epoch: 3, iter: 3441, avg_loss: 745.9094, kl: 14.2836, mi: 0.0717, recon: 731.6258,au 0, time elapsed 2721.73sau_vartensor([0.0007, 0.0016, 0.0014, 0.0032, 0.0027, 0.0007, 0.0065, 0.0012, 0.0043,
        0.0007, 0.0013, 0.0017, 0.0032, 0.0015, 0.0023, 0.0007, 0.0008, 0.0020,
        0.0019, 0.0041, 0.0009, 0.0015, 0.0014, 0.0055, 0.0007, 0.0015, 0.0008,
        0.0039, 0.0025, 0.0026, 0.0017, 0.0009], device='cuda:0')epoch: 3, iter: 3534, avg_loss: 805.1032, kl: 12.8780, mi: 0.0776, recon: 792.2253,au 0, time elapsed 2788.25sau_vartensor([0.0021, 0.0012, 0.0063, 0.0021, 0.0005, 0.0042, 0.0047, 0.0027, 0.0036,
        0.0046, 0.0035, 0.0031, 0.0063, 0.0032, 0.0010, 0.0043, 0.0041, 0.0026,
        0.0012, 0.0024, 0.0042, 0.0059, 0.0074, 0.0039, 0.0055, 0.0070, 0.0041,
        0.0036, 0.0050, 0.0028, 0.0034, 0.0053], device='cuda:0')epoch: 3, iter: 3627, avg_loss: 1023.1116, kl: 9.5038, mi: 0.0934, recon: 1013.6078,au 0, time elapsed 2853.21sau_vartensor([0.0013, 0.0008, 0.0017, 0.0008, 0.0009, 0.0004, 0.0060, 0.0026, 0.0021,
        0.0018, 0.0032, 0.0021, 0.0008, 0.0009, 0.0008, 0.0026, 0.0005, 0.0028,
        0.0022, 0.0038, 0.0008, 0.0024, 0.0037, 0.0033, 0.0033, 0.0018, 0.0007,
        0.0009, 0.0037, 0.0049, 0.0044, 0.0034], device='cuda:0')epoch: 3, iter: 3720, avg_loss: 865.5578, kl: 12.6189, mi: 0.0389, recon: 852.9390,au 0, time elapsed 2920.40sau_vartensor([0.0086, 0.0021, 0.0035, 0.0007, 0.0037, 0.0006, 0.0021, 0.0028, 0.0019,
        0.0023, 0.0025, 0.0035, 0.0008, 0.0032, 0.0041, 0.0020, 0.0039, 0.0028,
        0.0034, 0.0025, 0.0035, 0.0038, 0.0050, 0.0058, 0.0036, 0.0013, 0.0031,
        0.0020, 0.0033, 0.0029, 0.0012, 0.0012], device='cuda:0')epoch: 3, iter: 3813, avg_loss: 814.6322, kl: 5.8054, mi: 0.0462, recon: 808.8267,au 0, time elapsed 2985.59sau_vartensor([0.0013, 0.0002, 0.0008, 0.0008, 0.0048, 0.0022, 0.0007, 0.0026, 0.0013,
        0.0007, 0.0013, 0.0005, 0.0003, 0.0007, 0.0023, 0.0017, 0.0016, 0.0022,
        0.0009, 0.0044, 0.0010, 0.0015, 0.0032, 0.0021, 0.0024, 0.0009, 0.0009,
        0.0014, 0.0039, 0.0022, 0.0005, 0.0019], device='cuda:0')epoch: 3, iter: 3906, avg_loss: 874.4544, kl: 67.4671, mi: 0.5377, recon: 806.9873,au 32, time elapsed 3051.83sau_vartensor([0.0195, 0.0138, 0.0107, 0.0425, 0.0278, 0.0121, 0.0165, 0.0205, 0.0221,
        0.0197, 0.0163, 0.0141, 0.0179, 0.0290, 0.0335, 0.0108, 0.0138, 0.0196,
        0.0263, 0.0318, 0.0188, 0.0178, 0.0199, 0.0210, 0.0197, 0.0150, 0.0173,
        0.0265, 0.0275, 0.0233, 0.0161, 0.0233], device='cuda:0')epoch: 3, iter: 3999, avg_loss: 812.1426, kl: 11.2238, mi: 0.2204, recon: 800.9188,au 17, time elapsed 3117.02sau_vartensor([0.0141, 0.0095, 0.0131, 0.0119, 0.0063, 0.0190, 0.0111, 0.0060, 0.0202,
        0.0065, 0.0112, 0.0132, 0.0061, 0.0119, 0.0100, 0.0098, 0.0083, 0.0083,
        0.0102, 0.0097, 0.0089, 0.0085, 0.0099, 0.0095, 0.0132, 0.0109, 0.0092,
        0.0142, 0.0180, 0.0086, 0.0121, 0.0137], device='cuda:0')kl weight 1.00003 active unitsiw nll: 543.8515, iw ppl: 891.0230mi: 0.3522, kl: 23.9766update best lossepoch: 4, iter: 4092, avg_loss: 1209.2155, kl: 23.7041, mi: 0.2614, recon: 1185.5115,au 2, time elapsed 3275.21sau_vartensor([0.0055, 0.0054, 0.0026, 0.0070, 0.0068, 0.0091, 0.0045, 0.0068, 0.0114,
        0.0042, 0.0096, 0.0026, 0.0067, 0.0061, 0.0063, 0.0088, 0.0049, 0.0042,
        0.0066, 0.0063, 0.0041, 0.0071, 0.0063, 0.0039, 0.0064, 0.0082, 0.0112,
        0.0044, 0.0067, 0.0057, 0.0040, 0.0057], device='cuda:0')epoch: 4, iter: 4185, avg_loss: 894.3599, kl: 7.7420, mi: 0.1456, recon: 886.6178,au 2, time elapsed 3345.11sau_vartensor([0.0033, 0.0059, 0.0048, 0.0047, 0.0052, 0.0068, 0.0055, 0.0062, 0.0061,
        0.0054, 0.0069, 0.0134, 0.0029, 0.0038, 0.0037, 0.0042, 0.0061, 0.0037,
        0.0040, 0.0065, 0.0034, 0.0047, 0.0045, 0.0064, 0.0053, 0.0080, 0.0032,
        0.0045, 0.0100, 0.0054, 0.0046, 0.0036], device='cuda:0')epoch: 4, iter: 4278, avg_loss: 834.2412, kl: 8.4719, mi: 0.1058, recon: 825.7693,au 10, time elapsed 3410.43sau_vartensor([0.0085, 0.0166, 0.0023, 0.0068, 0.0033, 0.0131, 0.0201, 0.0030, 0.0265,
        0.0059, 0.0042, 0.0045, 0.0089, 0.0062, 0.0040, 0.0083, 0.0095, 0.0159,
        0.0273, 0.0053, 0.0033, 0.0144, 0.0219, 0.0084, 0.0024, 0.0138, 0.0057,
        0.0057, 0.0115, 0.0038, 0.0041, 0.0027], device='cuda:0')epoch: 4, iter: 4371, avg_loss: 817.7274, kl: 8.3715, mi: 0.0909, recon: 809.3559,au 0, time elapsed 3477.33sau_vartensor([0.0023, 0.0024, 0.0028, 0.0035, 0.0027, 0.0029, 0.0033, 0.0015, 0.0032,
        0.0046, 0.0021, 0.0024, 0.0055, 0.0063, 0.0045, 0.0040, 0.0023, 0.0015,
        0.0031, 0.0027, 0.0021, 0.0039, 0.0007, 0.0026, 0.0038, 0.0028, 0.0014,
        0.0026, 0.0037, 0.0011, 0.0024, 0.0043], device='cuda:0')epoch: 4, iter: 4464, avg_loss: 685.2143, kl: 20.4570, mi: 0.1369, recon: 664.7574,au 2, time elapsed 3540.69sau_vartensor([0.0068, 0.0058, 0.0060, 0.0063, 0.0065, 0.0048, 0.0063, 0.0059, 0.0074,
        0.0076, 0.0051, 0.0043, 0.0083, 0.0125, 0.0043, 0.0052, 0.0029, 0.0068,
        0.0108, 0.0048, 0.0028, 0.0030, 0.0049, 0.0058, 0.0082, 0.0061, 0.0050,
        0.0089, 0.0099, 0.0050, 0.0065, 0.0064], device='cuda:0')epoch: 4, iter: 4557, avg_loss: 765.2487, kl: 10.1747, mi: 0.2463, recon: 755.0740,au 4, time elapsed 3604.49sau_vartensor([0.0058, 0.0122, 0.0052, 0.0070, 0.0038, 0.0104, 0.0060, 0.0048, 0.0044,
        0.0136, 0.0063, 0.0076, 0.0129, 0.0076, 0.0099, 0.0044, 0.0034, 0.0051,
        0.0068, 0.0032, 0.0088, 0.0045, 0.0032, 0.0075, 0.0071, 0.0078, 0.0082,
        0.0053, 0.0057, 0.0042, 0.0060, 0.0076], device='cuda:0')epoch: 4, iter: 4650, avg_loss: 846.8825, kl: 96.2610, mi: 3.0635, recon: 750.6215,au 32, time elapsed 3670.30sau_vartensor([0.0872, 0.0478, 0.1136, 0.0748, 0.0443, 0.0746, 0.0535, 0.0810, 0.0531,
        0.0542, 0.0712, 0.0526, 0.0975, 0.1369, 0.0604, 0.1343, 0.0674, 0.0633,
        0.0510, 0.0565, 0.0879, 0.1127, 0.1030, 0.1015, 0.0822, 0.0513, 0.0638,
        0.0457, 0.0654, 0.0670, 0.0587, 0.0631], device='cuda:0')epoch: 4, iter: 4743, avg_loss: 816.0531, kl: 18.2467, mi: 0.3266, recon: 797.8064,au 20, time elapsed 3735.42sau_vartensor([0.0116, 0.0071, 0.0081, 0.0109, 0.0067, 0.0073, 0.0109, 0.0160, 0.0134,
        0.0128, 0.0124, 0.0063, 0.0076, 0.0163, 0.0105, 0.0254, 0.0076, 0.0122,
        0.0111, 0.0135, 0.0112, 0.0083, 0.0065, 0.0139, 0.0178, 0.0136, 0.0057,
        0.0094, 0.0202, 0.0155, 0.0161, 0.0078], device='cuda:0')epoch: 4, iter: 4836, avg_loss: 836.2822, kl: 8.2908, mi: 0.3113, recon: 827.9914,au 12, time elapsed 3800.51sau_vartensor([0.0067, 0.0133, 0.0089, 0.0087, 0.0032, 0.0066, 0.0122, 0.0074, 0.0147,
        0.0091, 0.0067, 0.0090, 0.0030, 0.0139, 0.0099, 0.0084, 0.0054, 0.0179,
        0.0265, 0.0063, 0.0123, 0.0095, 0.0128, 0.0070, 0.0065, 0.0149, 0.0062,
        0.0081, 0.0112, 0.0109, 0.0216, 0.0068], device='cuda:0')epoch: 4, iter: 4929, avg_loss: 672.9287, kl: 10.0232, mi: 0.1082, recon: 662.9055,au 2, time elapsed 3864.59sau_vartensor([0.0051, 0.0041, 0.0041, 0.0051, 0.0036, 0.0062, 0.0140, 0.0104, 0.0034,
        0.0047, 0.0054, 0.0058, 0.0054, 0.0046, 0.0082, 0.0081, 0.0047, 0.0039,
        0.0046, 0.0075, 0.0042, 0.0055, 0.0044, 0.0076, 0.0076, 0.0055, 0.0048,
        0.0081, 0.0093, 0.0036, 0.0049, 0.0020], device='cuda:0')epoch: 4, iter: 5022, avg_loss: 833.0190, kl: 6.7863, mi: -0.0156, recon: 826.2327,au 0, time elapsed 3929.78sau_vartensor([0.0029, 0.0014, 0.0014, 0.0031, 0.0017, 0.0022, 0.0051, 0.0020, 0.0055,
        0.0037, 0.0036, 0.0015, 0.0027, 0.0021, 0.0037, 0.0039, 0.0012, 0.0045,
        0.0010, 0.0023, 0.0022, 0.0013, 0.0024, 0.0041, 0.0032, 0.0028, 0.0041,
        0.0015, 0.0029, 0.0034, 0.0023, 0.0026], device='cuda:0')kl weight 1.00000 active unitsiw nll: 1463.9135, iw ppl: 87170646.6623mi: 0.1551, kl: 0.2040epoch: 5, iter: 5115, avg_loss: 1490.5613, kl: 0.2290, mi: 0.0972, recon: 1490.3323,au 0, time elapsed 4159.59sau_vartensor([0.0051, 0.0049, 0.0033, 0.0028, 0.0040, 0.0057, 0.0078, 0.0094, 0.0053,
        0.0043, 0.0061, 0.0029, 0.0057, 0.0074, 0.0027, 0.0025, 0.0025, 0.0026,
        0.0049, 0.0027, 0.0046, 0.0027, 0.0042, 0.0036, 0.0057, 0.0054, 0.0055,
        0.0026, 0.0076, 0.0065, 0.0047, 0.0040], device='cuda:0')epoch: 5, iter: 5208, avg_loss: 736.6178, kl: 7.9612, mi: 0.2354, recon: 728.6566,au 14, time elapsed 4226.08sau_vartensor([0.0251, 0.0133, 0.0188, 0.0035, 0.0198, 0.0042, 0.0038, 0.0045, 0.0066,
        0.0192, 0.0163, 0.0193, 0.0031, 0.0057, 0.0042, 0.0103, 0.0022, 0.0017,
        0.0025, 0.0145, 0.0114, 0.0093, 0.0037, 0.0070, 0.0083, 0.0059, 0.0121,
        0.0167, 0.0395, 0.0024, 0.0205, 0.0031], device='cuda:0')epoch: 5, iter: 5301, avg_loss: 767.0610, kl: 20.5870, mi: 0.0668, recon: 746.4740,au 0, time elapsed 4292.52sau_vartensor([0.0099, 0.0036, 0.0033, 0.0022, 0.0036, 0.0055, 0.0024, 0.0043, 0.0042,
        0.0055, 0.0018, 0.0058, 0.0036, 0.0055, 0.0072, 0.0027, 0.0020, 0.0056,
        0.0022, 0.0028, 0.0029, 0.0034, 0.0023, 0.0057, 0.0028, 0.0056, 0.0028,
        0.0018, 0.0035, 0.0042, 0.0056, 0.0034], device='cuda:0')epoch: 5, iter: 5394, avg_loss: 778.2096, kl: 16.6056, mi: 0.0790, recon: 761.6041,au 9, time elapsed 4357.25sau_vartensor([0.0154, 0.0040, 0.0137, 0.0033, 0.0044, 0.0195, 0.0067, 0.0034, 0.0186,
        0.0114, 0.0105, 0.0073, 0.0054, 0.0146, 0.0044, 0.0088, 0.0101, 0.0066,
        0.0098, 0.0056, 0.0080, 0.0049, 0.0091, 0.0026, 0.0012, 0.0094, 0.0103,
        0.0040, 0.0097, 0.0065, 0.0045, 0.0029], device='cuda:0')epoch: 5, iter: 5487, avg_loss: 791.0001, kl: 10.7320, mi: 0.3741, recon: 780.2681,au 8, time elapsed 4421.72sau_vartensor([0.0068, 0.0203, 0.0086, 0.0041, 0.0017, 0.0009, 0.0013, 0.0018, 0.0029,
        0.0072, 0.0091, 0.0029, 0.0024, 0.0008, 0.0148, 0.0041, 0.0228, 0.0096,
        0.0018, 0.0023, 0.0213, 0.0019, 0.0482, 0.0304, 0.0054, 0.0351, 0.0082,
        0.0065, 0.0009, 0.0028, 0.0163, 0.0007], device='cuda:0')