hi i'm starting

Namespace(aggressive=0, batch_size=32, beta=1.0, betavae=0.2, cuda=True, dataset='yelp', dec_dropout_in=0.5, dec_dropout_out=0.5, dec_nh=1024, dec_type='lstm', decode_from='', decode_input='', decoding_strategy='greedy', enc_nh=1024, enc_type='lstm', epochs=100, eval=False, exp_dir=None, fb=0, fix_var=-1, freeze_epoch=-1, icnn_nh=1024, icnn_num_layers=2, iw_nsamples=500, iw_train_ns=1, iw_train_nsamples=-1, jobid=0, kl_start=1.0, l2reg=5e-06, label=True, load_best_epoch=15, load_path='', log_path='logs/yelp/yelp_idvae_aggressive0_kls1.00_lr0.01_l2reg0.00_warm0_0_5_505.log', lr=0.01, model='idvae', momentum=0, ni=512, nsamples=1, nz=32, opt='sgd', optim='rmsprop', reconstruct_from='', reconstruct_to='decoding.txt', reset_dec=False, save_ckpt=0, save_latent=0, save_path='models/yelp/yelp_idvae_aggressive0_kls1.00_lr0.01_l2reg0.00_warm0_0_5_505.pt', seed=505, subsample=30000, subsample_eval=10000, target_kl=-1, taskid=5, test_data='datasets/yelp_data/yelp.test.txt', test_nepoch=5, train_data='datasets/yelp_data/yelp.train.txt', val_data='datasets/yelp_data/yelp.valid.txt', warm_up=0)

ID-sequential-VAETrain data: 30000 samplesfinish reading datasets, vocab size is 19997

epoch: 0, iter: 0, avg_loss: 594.2135, kl: -0.0000, mi: -0.0204, recon: 594.2135,au 0, time elapsed 11.78sau_vartensor([6.3964e-13, 1.1781e-12, 8.5958e-13, 3.8520e-13, 2.5690e-12, 2.8764e-12,
        3.2490e-12, 4.9586e-13, 1.7216e-12, 2.3380e-12, 7.4174e-13, 2.2578e-12,
        2.5132e-12, 7.2791e-13, 5.6207e-12, 1.0431e-12, 1.6655e-12, 7.3664e-13,
        6.3776e-13, 3.0851e-12, 1.0429e-12, 1.3447e-12, 1.2816e-12, 6.6804e-12,
        1.7586e-12, 2.1700e-12, 3.4339e-12, 9.5130e-13, 7.9323e-13, 6.4571e-13,
        1.1826e-12, 5.0676e-12], device='cuda:0')epoch: 0, iter: 93, avg_loss: 77490871093709094912.0000, kl: 77490871092544765952.0000, mi: 2.9165, recon: 1164322842.5489,au 24, time elapsed 81.98sau_vartensor([0.0870, 0.0091, 0.0185, 0.0279, 0.0113, 0.0132, 0.0191, 0.0290, 0.0094,
        0.0107, 0.0326, 0.0173, 0.0271, 0.0095, 0.0428, 0.0293, 0.0089, 0.0103,
        0.0301, 0.0114, 0.0161, 0.0087, 0.0093, 0.0287, 0.0248, 0.0089, 0.0142,
        0.0103, 0.0126, 0.0091, 0.0141, 0.0139], device='cuda:0')epoch: 0, iter: 186, avg_loss: 2632.1143, kl: 456.2376, mi: 0.0687, recon: 2175.8767,au 0, time elapsed 153.14sau_vartensor([0.0038, 0.0033, 0.0035, 0.0049, 0.0034, 0.0035, 0.0052, 0.0059, 0.0033,
        0.0035, 0.0043, 0.0052, 0.0042, 0.0032, 0.0058, 0.0067, 0.0034, 0.0032,
        0.0063, 0.0033, 0.0042, 0.0034, 0.0032, 0.0044, 0.0057, 0.0031, 0.0037,
        0.0034, 0.0043, 0.0032, 0.0031, 0.0038], device='cuda:0')epoch: 0, iter: 279, avg_loss: 1492.3184, kl: 92.5646, mi: 0.0036, recon: 1399.7539,au 0, time elapsed 224.13sau_vartensor([0.0020, 0.0022, 0.0016, 0.0018, 0.0019, 0.0016, 0.0011, 0.0017, 0.0017,
        0.0014, 0.0017, 0.0012, 0.0015, 0.0025, 0.0010, 0.0009, 0.0016, 0.0016,
        0.0019, 0.0018, 0.0022, 0.0016, 0.0018, 0.0008, 0.0012, 0.0018, 0.0015,
        0.0019, 0.0019, 0.0023, 0.0023, 0.0014], device='cuda:0')epoch: 0, iter: 372, avg_loss: 1312.2808, kl: 59.6572, mi: 0.0758, recon: 1252.6236,au 0, time elapsed 295.14sau_vartensor([0.0010, 0.0008, 0.0008, 0.0012, 0.0009, 0.0010, 0.0012, 0.0008, 0.0009,
        0.0008, 0.0027, 0.0012, 0.0009, 0.0009, 0.0008, 0.0020, 0.0009, 0.0009,
        0.0009, 0.0011, 0.0016, 0.0009, 0.0009, 0.0014, 0.0013, 0.0008, 0.0011,
        0.0009, 0.0013, 0.0012, 0.0008, 0.0010], device='cuda:0')epoch: 0, iter: 465, avg_loss: 1318.9907, kl: 49.0175, mi: 0.0267, recon: 1269.9733,au 0, time elapsed 366.55sau_vartensor([0.0004, 0.0003, 0.0003, 0.0003, 0.0002, 0.0002, 0.0001, 0.0004, 0.0003,
        0.0002, 0.0002, 0.0001, 0.0001, 0.0003, 0.0004, 0.0003, 0.0004, 0.0004,
        0.0004, 0.0002, 0.0003, 0.0004, 0.0003, 0.0002, 0.0002, 0.0004, 0.0002,
        0.0003, 0.0004, 0.0005, 0.0002, 0.0001], device='cuda:0')epoch: 0, iter: 558, avg_loss: 1241.1733, kl: 18.2042, mi: -0.0369, recon: 1222.9692,au 0, time elapsed 439.60sau_vartensor([1.7849e-04, 1.4784e-04, 1.8591e-04, 1.5828e-04, 1.3990e-04, 7.2119e-05,
        8.5649e-05, 1.9396e-04, 1.5247e-04, 1.2760e-04, 1.6128e-04, 1.0261e-04,
        9.0012e-05, 1.5340e-04, 1.2112e-04, 1.8582e-04, 1.8241e-04, 1.9868e-04,
        2.1516e-04, 1.1275e-04, 2.3111e-04, 2.1369e-04, 1.4588e-04, 1.4376e-04,
        1.0495e-04, 1.7229e-04, 8.1627e-05, 1.3825e-04, 2.6173e-04, 2.4260e-04,
        1.3541e-04, 7.7028e-05], device='cuda:0')epoch: 0, iter: 651, avg_loss: 1408.2700, kl: 25.2941, mi: 0.0098, recon: 1382.9759,au 0, time elapsed 510.02sau_vartensor([0.0004, 0.0006, 0.0006, 0.0005, 0.0006, 0.0004, 0.0003, 0.0006, 0.0006,
        0.0005, 0.0007, 0.0004, 0.0003, 0.0006, 0.0005, 0.0002, 0.0006, 0.0006,
        0.0007, 0.0004, 0.0007, 0.0006, 0.0005, 0.0004, 0.0004, 0.0006, 0.0004,
        0.0005, 0.0008, 0.0007, 0.0002, 0.0004], device='cuda:0')epoch: 0, iter: 744, avg_loss: 1431.7599, kl: 39.8296, mi: 0.1594, recon: 1391.9303,au 0, time elapsed 581.96sau_vartensor([0.0009, 0.0006, 0.0002, 0.0008, 0.0002, 0.0003, 0.0002, 0.0009, 0.0006,
        0.0002, 0.0008, 0.0002, 0.0003, 0.0006, 0.0002, 0.0003, 0.0002, 0.0002,
        0.0005, 0.0002, 0.0006, 0.0002, 0.0002, 0.0003, 0.0003, 0.0003, 0.0002,
        0.0006, 0.0003, 0.0005, 0.0002, 0.0002], device='cuda:0')epoch: 0, iter: 837, avg_loss: 1153.5085, kl: 33.6332, mi: -0.0363, recon: 1119.8753,au 0, time elapsed 649.74sau_vartensor([3.4139e-04, 2.1809e-04, 2.1074e-04, 2.3744e-04, 1.9057e-04, 1.5514e-04,
        1.1500e-04, 2.5696e-04, 2.4839e-04, 1.1696e-04, 4.5070e-04, 1.1904e-04,
        1.1594e-04, 2.8506e-04, 9.3548e-05, 3.8808e-04, 1.9591e-04, 2.2074e-04,
        2.5088e-04, 1.1158e-04, 3.3306e-04, 2.7379e-04, 1.5467e-04, 7.1306e-05,
        9.7782e-05, 2.0334e-04, 8.8170e-05, 2.0706e-04, 3.2936e-04, 2.9820e-04,
        1.5426e-04, 8.5412e-05], device='cuda:0')epoch: 0, iter: 930, avg_loss: 238897096.6244, kl: 238895662.7960, mi: 0.6135, recon: 1433.8284,au 1, time elapsed 717.30sau_vartensor([0.0060, 0.0028, 0.0035, 0.0073, 0.0038, 0.0030, 0.0062, 0.0033, 0.0031,
        0.0032, 0.0044, 0.0065, 0.0039, 0.0032, 0.0047, 0.0045, 0.0100, 0.0035,
        0.0040, 0.0068, 0.0081, 0.0062, 0.0023, 0.0049, 0.0060, 0.0019, 0.0055,
        0.0024, 0.0035, 0.0030, 0.0059, 0.0063], device='cuda:0')epoch: 0, iter: 1023, avg_loss: 1631.9658, kl: 55.7983, mi: 0.0463, recon: 1576.1675,au 0, time elapsed 790.40sau_vartensor([0.0014, 0.0008, 0.0006, 0.0017, 0.0005, 0.0005, 0.0007, 0.0003, 0.0005,
        0.0007, 0.0008, 0.0007, 0.0008, 0.0005, 0.0007, 0.0004, 0.0005, 0.0005,
        0.0006, 0.0016, 0.0009, 0.0009, 0.0010, 0.0009, 0.0011, 0.0009, 0.0008,
        0.0005, 0.0012, 0.0016, 0.0014, 0.0008], device='cuda:0')kl weight 1.00000 active unitsiw nll: 1502.1543, iw ppl: 5198786.0287mi: 0.0280, kl: 1.8322update best lossepoch: 1, iter: 1116, avg_loss: 1284.2953, kl: 52.1079, mi: 0.0332, recon: 1232.1874,au 0, time elapsed 1049.03sau_vartensor([0.0007, 0.0006, 0.0002, 0.0003, 0.0002, 0.0004, 0.0003, 0.0003, 0.0003,
        0.0002, 0.0005, 0.0003, 0.0004, 0.0005, 0.0003, 0.0002, 0.0002, 0.0002,
        0.0003, 0.0004, 0.0003, 0.0006, 0.0005, 0.0002, 0.0004, 0.0003, 0.0004,
        0.0004, 0.0006, 0.0006, 0.0004, 0.0005], device='cuda:0')epoch: 1, iter: 1209, avg_loss: 1370.7811, kl: 41.1803, mi: -0.0501, recon: 1329.6008,au 0, time elapsed 1118.86sau_vartensor([1.4894e-04, 9.4011e-05, 1.4647e-04, 1.6836e-04, 1.6248e-04, 1.9638e-04,
        1.1009e-04, 2.2279e-04, 2.3579e-04, 1.1898e-04, 1.8451e-04, 1.1390e-04,
        1.4487e-04, 1.7813e-04, 3.0167e-04, 9.2787e-05, 1.2040e-04, 1.2957e-04,
        9.8637e-05, 9.0897e-05, 2.4790e-04, 1.1761e-04, 1.0333e-04, 1.9216e-04,
        9.5341e-05, 1.0654e-04, 1.0947e-04, 1.7251e-04, 8.5649e-05, 8.1651e-05,
        7.5765e-05, 8.1942e-05], device='cuda:0')epoch: 1, iter: 1302, avg_loss: 1367.2364, kl: 61.9749, mi: 0.0115, recon: 1305.2615,au 0, time elapsed 1190.59sau_vartensor([2.0463e-05, 3.4478e-05, 2.7539e-05, 2.3242e-05, 4.0197e-05, 5.1883e-05,
        3.8516e-05, 2.1284e-05, 3.7544e-05, 1.1473e-05, 3.9410e-05, 2.1664e-05,
        8.3845e-06, 5.2927e-05, 3.1843e-05, 1.0807e-04, 1.5191e-05, 2.0761e-05,
        3.1014e-05, 2.2313e-05, 9.1157e-05, 7.7005e-05, 4.3484e-05, 1.2481e-05,
        8.3279e-06, 8.6005e-05, 1.2247e-05, 3.4723e-05, 3.0654e-05, 7.6783e-05,
        2.4968e-05, 3.2349e-05], device='cuda:0')epoch: 1, iter: 1395, avg_loss: 1185.3751, kl: 39.1009, mi: 0.0290, recon: 1146.2741,au 0, time elapsed 1258.89sau_vartensor([1.4586e-05, 2.3138e-05, 6.7262e-06, 2.0546e-05, 5.3483e-06, 2.5371e-05,
        1.6291e-05, 1.8732e-05, 2.6396e-05, 3.9769e-06, 1.7483e-05, 1.0415e-05,
        4.8448e-06, 2.9606e-05, 2.4621e-05, 4.0283e-05, 2.2702e-05, 8.2782e-06,
        1.7484e-05, 4.7250e-06, 2.5602e-05, 1.1181e-05, 1.9653e-05, 4.1565e-06,
        3.7045e-06, 1.7438e-05, 6.7380e-06, 2.0480e-05, 2.5683e-05, 6.4657e-05,
        1.4773e-05, 1.8291e-05], device='cuda:0')epoch: 1, iter: 1488, avg_loss: 1224.5315, kl: 134.3228, mi: 0.1704, recon: 1090.2087,au 0, time elapsed 1329.58sau_vartensor([0.0020, 0.0016, 0.0012, 0.0015, 0.0012, 0.0015, 0.0011, 0.0017, 0.0021,
        0.0012, 0.0014, 0.0011, 0.0009, 0.0020, 0.0019, 0.0011, 0.0013, 0.0014,
        0.0018, 0.0011, 0.0021, 0.0022, 0.0011, 0.0010, 0.0008, 0.0012, 0.0008,
        0.0017, 0.0014, 0.0012, 0.0016, 0.0010], device='cuda:0')epoch: 1, iter: 1581, avg_loss: 1122.0755, kl: 82.9854, mi: 0.3063, recon: 1039.0901,au 0, time elapsed 1401.44sau_vartensor([5.2595e-04, 1.1226e-03, 1.5997e-03, 1.0033e-03, 1.6470e-03, 3.0564e-04,
        7.0066e-04, 1.1484e-03, 9.0084e-04, 9.4217e-04, 2.7877e-04, 9.2592e-04,
        6.0851e-04, 5.1094e-04, 4.2621e-04, 4.9664e-05, 1.1438e-03, 1.3746e-03,
        1.6877e-03, 1.7659e-03, 1.5346e-03, 8.7134e-04, 2.0922e-03, 9.2847e-04,
        5.1837e-04, 2.0509e-03, 1.2559e-03, 2.1005e-03, 4.2236e-03, 4.2641e-03,
        7.2918e-04, 5.4398e-04], device='cuda:0')epoch: 1, iter: 1674, avg_loss: 1090.5832, kl: 60.1714, mi: 0.0794, recon: 1030.4118,au 0, time elapsed 1469.72sau_vartensor([2.0170e-04, 8.5897e-04, 4.1977e-05, 2.3305e-05, 6.3157e-05, 6.9456e-05,
        4.8548e-04, 4.0135e-04, 1.2656e-05, 4.7780e-05, 2.1752e-04, 1.9242e-04,
        2.4224e-05, 2.2381e-04, 1.4858e-04, 3.0529e-04, 2.7962e-07, 3.4958e-04,
        6.2466e-04, 1.0306e-03, 2.6858e-04, 1.5409e-04, 1.3503e-04, 3.0795e-05,
        3.3843e-04, 9.2426e-07, 1.8450e-04, 1.2262e-03, 5.7465e-04, 3.2934e-04,
        2.4765e-04, 5.2123e-04], device='cuda:0')epoch: 1, iter: 1767, avg_loss: 4594.4059, kl: 3303.8198, mi: 0.6570, recon: 1290.5861,au 0, time elapsed 1542.20sau_vartensor([8.0438e-04, 6.7712e-04, 2.5222e-03, 2.8218e-03, 3.2150e-03, 1.7085e-03,
        5.2229e-04, 7.3985e-04, 9.1987e-04, 8.2037e-04, 1.2421e-03, 9.5660e-04,
        7.8279e-04, 1.1009e-03, 1.1392e-03, 4.7958e-04, 1.6057e-04, 1.9974e-03,
        2.3157e-03, 6.4747e-04, 1.1376e-03, 8.3421e-04, 1.1438e-03, 2.8023e-04,
        2.3602e-03, 9.1622e-05, 8.1780e-04, 1.3196e-03, 7.3310e-04, 5.2092e-04,
        5.3855e-04, 7.9880e-04], device='cuda:0')epoch: 1, iter: 1860, avg_loss: 1651.0790, kl: 345.9982, mi: -0.0021, recon: 1305.0808,au 0, time elapsed 1614.26sau_vartensor([1.6995e-05, 2.7196e-05, 4.3227e-05, 7.7167e-05, 8.4144e-05, 2.7326e-05,
        1.6705e-04, 5.5836e-05, 8.4703e-05, 1.0346e-05, 2.7228e-05, 1.8737e-04,
        2.4840e-05, 2.1303e-04, 3.7297e-04, 1.3205e-05, 1.7775e-04, 4.0848e-05,
        1.5428e-05, 2.1602e-05, 1.2599e-05, 1.1492e-04, 4.3088e-04, 8.8322e-04,
        5.8448e-05, 1.3064e-03, 8.0087e-05, 2.7166e-05, 2.6071e-05, 3.6597e-04,
        1.0022e-04, 5.6227e-05], device='cuda:0')epoch: 1, iter: 1953, avg_loss: 1183.1730, kl: 227.4422, mi: 1.8751, recon: 955.7308,au 3, time elapsed 1685.04sau_vartensor([0.0050, 0.0060, 0.0066, 0.0045, 0.0064, 0.0044, 0.0048, 0.0079, 0.0049,
        0.0056, 0.0045, 0.0056, 0.0048, 0.0040, 0.0137, 0.0075, 0.0073, 0.0065,
        0.0054, 0.0073, 0.0040, 0.0066, 0.0106, 0.0063, 0.0077, 0.0087, 0.0069,
        0.0028, 0.0084, 0.0100, 0.0049, 0.0057], device='cuda:0')epoch: 1, iter: 2046, avg_loss: 1305.6934, kl: 253.5928, mi: 0.0946, recon: 1052.1006,au 0, time elapsed 1755.48sau_vartensor([7.9133e-04, 8.9894e-04, 1.9651e-04, 8.3947e-04, 4.1089e-04, 5.0132e-04,
        1.9233e-04, 5.6704e-04, 5.2782e-04, 3.0514e-04, 1.8468e-03, 2.2971e-04,
        4.3346e-04, 5.9196e-04, 6.0686e-04, 5.9963e-04, 2.1963e-03, 4.0888e-04,
        7.5121e-04, 7.3895e-04, 3.3279e-04, 3.5122e-04, 1.9532e-03, 2.1274e-04,
        6.3873e-04, 4.0630e-03, 1.0955e-03, 3.6960e-05, 2.5327e-03, 1.5315e-03,
        2.2124e-04, 5.9228e-04], device='cuda:0')kl weight 1.00000 active unitsiw nll: 881.1944, iw ppl: 8703.3271mi: 0.0921, kl: 51.9517update best lossepoch: 2, iter: 2139, avg_loss: 1203.0709, kl: 51.9461, mi: 0.0857, recon: 1151.1248,au 0, time elapsed 2015.31sau_vartensor([2.2611e-04, 1.8835e-03, 7.4953e-04, 1.2901e-03, 3.5185e-04, 7.3239e-04,
        4.1571e-04, 9.3046e-05, 8.8983e-05, 1.1815e-03, 2.1553e-03, 8.9750e-04,
        2.3060e-04, 4.8610e-04, 2.5506e-04, 1.5393e-03, 1.8784e-03, 7.3184e-04,
        5.1620e-04, 1.0451e-03, 4.3604e-04, 8.1191e-04, 4.2225e-04, 1.3325e-03,
        4.8138e-04, 3.2108e-03, 8.8556e-04, 2.0909e-05, 1.2283e-03, 8.5673e-04,
        4.0059e-04, 3.3987e-04], device='cuda:0')epoch: 2, iter: 2232, avg_loss: 1254.4213, kl: 71.7078, mi: 0.6171, recon: 1182.7136,au 1, time elapsed 2088.82sau_vartensor([0.0014, 0.0036, 0.0017, 0.0012, 0.0002, 0.0027, 0.0010, 0.0047, 0.0083,
        0.0007, 0.0010, 0.0005, 0.0006, 0.0040, 0.0031, 0.0015, 0.0022, 0.0029,
        0.0035, 0.0018, 0.0114, 0.0061, 0.0002, 0.0014, 0.0019, 0.0027, 0.0006,
        0.0033, 0.0014, 0.0006, 0.0011, 0.0002], device='cuda:0')epoch: 2, iter: 2325, avg_loss: 1457.5148, kl: 43.4402, mi: 0.1000, recon: 1414.0746,au 0, time elapsed 2159.93sau_vartensor([1.0080e-03, 5.4706e-04, 5.8080e-04, 1.6462e-04, 1.8268e-04, 1.4688e-04,
        1.0665e-04, 4.8756e-04, 1.3615e-03, 1.7077e-04, 2.2300e-04, 3.2231e-04,
        3.8516e-04, 1.0521e-03, 2.0203e-04, 3.4008e-03, 3.5000e-03, 2.6592e-05,
        6.8497e-03, 3.3559e-04, 8.3753e-04, 1.1568e-03, 7.1701e-04, 2.0596e-03,
        6.7636e-04, 6.7550e-04, 4.6481e-03, 1.5644e-03, 7.6478e-03, 1.4927e-03,
        1.0645e-04, 7.4103e-05], device='cuda:0')epoch: 2, iter: 2418, avg_loss: 1569.4470, kl: 32.4759, mi: 0.4081, recon: 1536.9711,au 0, time elapsed 2231.01sau_vartensor([9.5591e-05, 1.2396e-03, 2.8403e-04, 7.8341e-05, 5.3341e-04, 2.2821e-05,
        6.7784e-04, 1.1153e-04, 1.7029e-03, 6.5244e-05, 1.1866e-04, 9.1681e-05,
        2.1917e-04, 9.6731e-04, 5.1925e-04, 1.0975e-03, 3.4178e-03, 1.5672e-04,
        3.2429e-03, 6.1172e-05, 9.9069e-04, 8.0679e-04, 8.7980e-04, 1.4393e-03,
        9.2768e-04, 1.1569e-03, 2.1307e-03, 2.1752e-04, 2.3582e-03, 1.3590e-03,
        6.4423e-05, 3.6495e-04], device='cuda:0')epoch: 2, iter: 2511, avg_loss: 1411.1945, kl: 36.2562, mi: -0.0690, recon: 1374.9383,au 0, time elapsed 2299.17sau_vartensor([7.1481e-05, 7.3765e-04, 4.3141e-05, 1.8314e-04, 1.6863e-04, 5.5133e-05,
        2.0141e-04, 3.7348e-04, 8.9257e-04, 2.4671e-04, 8.6709e-05, 1.2428e-04,
        2.6680e-04, 8.1206e-04, 8.9964e-04, 2.0937e-05, 1.5103e-03, 1.7140e-04,
        6.8477e-04, 1.4242e-05, 9.7062e-04, 4.3199e-04, 4.8657e-06, 2.1314e-04,
        1.6431e-04, 9.3569e-04, 1.0731e-03, 7.9606e-05, 2.8991e-04, 2.2408e-05,
        3.1908e-04, 2.6374e-04], device='cuda:0')epoch: 2, iter: 2604, avg_loss: 1142.8704, kl: 295.2881, mi: 0.0423, recon: 847.5823,au 0, time elapsed 2368.09sau_vartensor([1.7367e-07, 2.9445e-05, 2.3716e-06, 5.3924e-06, 6.7256e-06, 2.2999e-05,
        3.3456e-07, 4.6326e-06, 1.5957e-06, 2.5896e-06, 4.2924e-06, 1.4270e-06,
        2.8717e-06, 1.4868e-05, 1.0533e-05, 2.3071e-07, 3.1734e-06, 3.0781e-07,
        1.7097e-06, 1.1568e-06, 3.3326e-06, 2.1381e-05, 5.1074e-06, 3.2140e-07,
        9.1800e-07, 2.8538e-06, 1.3809e-06, 5.2552e-05, 1.8166e-05, 1.3829e-05,
        9.6684e-07, 6.8964e-06], device='cuda:0')epoch: 2, iter: 2697, avg_loss: 1524.3981, kl: 276.6920, mi: 0.0331, recon: 1247.7061,au 0, time elapsed 2439.20sau_vartensor([7.9796e-06, 1.9548e-07, 1.1554e-06, 1.7285e-06, 1.7514e-07, 5.9415e-06,
        1.9873e-06, 1.8619e-08, 2.2470e-06, 4.3799e-07, 6.1195e-07, 8.5703e-07,
        1.1940e-06, 3.9589e-07, 8.5408e-07, 3.5732e-06, 2.8547e-07, 8.1967e-07,
        2.4204e-07, 1.6747e-07, 2.8445e-06, 1.0433e-07, 4.2978e-06, 1.5217e-05,
        4.2302e-07, 6.8746e-06, 5.8994e-08, 2.3101e-07, 3.5580e-06, 3.9046e-06,
        1.0501e-07, 3.9850e-08], device='cuda:0')epoch: 2, iter: 2790, avg_loss: 973.7349, kl: 72.1458, mi: 0.0023, recon: 901.5891,au 0, time elapsed 2509.39sau_vartensor([4.1768e-09, 5.2681e-09, 2.9365e-09, 1.6545e-09, 3.4790e-09, 5.6630e-10,
        2.1768e-09, 9.8199e-10, 4.6358e-09, 2.0337e-09, 1.7113e-09, 2.7343e-09,
        2.0207e-09, 3.4589e-09, 3.7668e-09, 2.4790e-09, 2.1785e-09, 3.4577e-09,
        2.0172e-09, 2.5151e-09, 1.7799e-09, 2.9886e-09, 5.5121e-09, 2.5691e-09,
        4.6379e-09, 4.1347e-09, 1.8077e-09, 1.5315e-09, 4.5170e-09, 6.2448e-09,
        1.5173e-09, 1.5215e-09], device='cuda:0')epoch: 2, iter: 2883, avg_loss: 1283.9272, kl: 45.9706, mi: 0.1735, recon: 1237.9565,au 0, time elapsed 2578.94sau_vartensor([7.6330e-05, 6.9221e-06, 1.7506e-06, 1.2245e-06, 6.0221e-05, 7.1781e-06,
        3.4492e-05, 8.3971e-06, 8.3021e-06, 6.4783e-07, 5.3680e-05, 2.8599e-06,
        3.7660e-07, 4.1097e-06, 1.6565e-06, 1.0594e-05, 1.0364e-04, 7.2572e-06,
        2.0657e-05, 4.4513e-07, 1.4883e-06, 3.5110e-07, 2.1512e-05, 1.0521e-04,
        9.7500e-06, 3.4998e-08, 5.7180e-07, 8.3724e-06, 1.7196e-05, 4.8509e-05,
        9.3252e-05, 3.2432e-05], device='cuda:0')epoch: 2, iter: 2976, avg_loss: 1196.2288, kl: 92.6728, mi: 0.0207, recon: 1103.5560,au 0, time elapsed 2652.84sau_vartensor([2.1496e-09, 3.5960e-09, 3.0498e-09, 2.6304e-09, 3.5058e-09, 8.2928e-09,
        3.0256e-09, 2.9590e-09, 3.0381e-09, 5.4422e-09, 3.2980e-09, 2.9004e-09,
        3.9995e-09, 2.1808e-09, 3.3498e-09, 4.0544e-09, 2.4077e-09, 2.2004e-09,
        3.2169e-09, 2.9433e-09, 2.1993e-09, 2.0696e-09, 3.4202e-09, 2.4149e-09,
        4.5804e-09, 1.7714e-09, 5.7301e-09, 3.2546e-09, 1.2445e-09, 2.6504e-09,
        5.8459e-09, 4.1588e-09], device='cuda:0')epoch: 2, iter: 3069, avg_loss: 1494.7643, kl: 42.2188, mi: 0.0285, recon: 1452.5456,au 0, time elapsed 2725.00sau_vartensor([7.7736e-07, 1.2227e-06, 2.3760e-06, 3.0326e-06, 2.7711e-06, 2.1812e-06,
        2.0333e-06, 1.2222e-06, 6.1935e-07, 2.8847e-06, 1.1201e-06, 1.5351e-06,
        1.1831e-06, 1.3124e-06, 3.9052e-08, 2.2344e-06, 7.0832e-07, 1.9094e-06,
        2.3247e-06, 2.3601e-06, 9.2937e-07, 1.5351e-06, 3.6278e-06, 1.2278e-06,
        4.0609e-06, 2.1250e-06, 2.8385e-06, 2.5520e-06, 4.9448e-09, 3.1947e-06,
        2.3949e-06, 1.9600e-06], device='cuda:0')kl weight 1.00000 active unitsiw nll: 2105.4679, iw ppl: 2589551063.8452mi: 0.0191, kl: 67.7174epoch: 3, iter: 3162, avg_loss: 1258.3015, kl: 157.1020, mi: 0.0681, recon: 1101.1995,au 0, time elapsed 2978.79sau_vartensor([5.7177e-09, 2.6101e-09, 5.4036e-09, 3.8735e-09, 4.6975e-09, 1.0436e-08,
        5.7467e-09, 5.9431e-09, 5.6358e-09, 5.6138e-09, 7.1490e-09, 6.1370e-09,
        6.2315e-09, 4.1886e-09, 7.0018e-10, 5.8651e-09, 8.2408e-09, 5.7817e-09,
        5.9492e-09, 7.2250e-09, 2.4275e-09, 2.0816e-09, 4.4984e-09, 4.8674e-09,
        5.2288e-09, 7.6109e-09, 3.5808e-09, 7.6877e-09, 2.4049e-09, 4.0943e-09,
        8.0886e-09, 5.9975e-09], device='cuda:0')epoch: 3, iter: 3255, avg_loss: 1313.5695, kl: 76.5568, mi: -0.0715, recon: 1237.0127,au 0, time elapsed 3050.32sau_vartensor([1.2732e-04, 2.3454e-05, 1.1121e-04, 1.4821e-04, 4.5076e-05, 4.6285e-06,
        5.8096e-06, 2.9445e-06, 9.2667e-05, 1.0855e-04, 1.7905e-04, 5.7650e-06,
        3.9219e-06, 1.2076e-04, 8.5668e-05, 8.1364e-06, 8.6999e-05, 6.3827e-05,
        5.8691e-05, 2.1087e-05, 7.7943e-05, 1.2145e-04, 1.0527e-04, 2.3077e-05,
        2.5518e-05, 5.9304e-05, 1.6946e-05, 7.6186e-06, 5.7448e-05, 1.1697e-04,
        1.5619e-05, 1.0532e-05], device='cuda:0')epoch: 3, iter: 3348, avg_loss: 2535.3704, kl: 968.3082, mi: 0.0471, recon: 1567.0622,au 0, time elapsed 3121.13sau_vartensor([0.0003, 0.0014, 0.0022, 0.0003, 0.0002, 0.0007, 0.0004, 0.0007, 0.0008,
        0.0003, 0.0002, 0.0008, 0.0003, 0.0004, 0.0007, 0.0007, 0.0003, 0.0007,
        0.0004, 0.0005, 0.0003, 0.0001, 0.0002, 0.0004, 0.0008, 0.0006, 0.0003,
        0.0011, 0.0003, 0.0005, 0.0010, 0.0015], device='cuda:0')epoch: 3, iter: 3441, avg_loss: 1421.2657, kl: 87.3841, mi: 0.3142, recon: 1333.8817,au 0, time elapsed 3194.77sau_vartensor([1.9895e-04, 9.9618e-04, 9.7186e-04, 1.6392e-04, 2.0014e-05, 5.8788e-05,
        1.0898e-04, 3.5147e-04, 7.1179e-04, 8.0591e-05, 2.1437e-04, 4.5724e-04,
        5.3333e-04, 2.4744e-04, 1.0810e-04, 2.5815e-04, 3.0984e-04, 3.6044e-04,
        3.1299e-04, 1.4757e-04, 2.6846e-04, 8.9145e-05, 2.5736e-04, 2.0268e-04,
        3.2066e-04, 2.2705e-04, 3.2226e-04, 3.1867e-04, 6.3764e-05, 3.0235e-04,
        4.3951e-04, 9.4621e-04], device='cuda:0')epoch: 3, iter: 3534, avg_loss: 1395.6757, kl: 216.3734, mi: 0.2606, recon: 1179.3022,au 0, time elapsed 3266.37sau_vartensor([2.2756e-04, 1.9435e-03, 3.7890e-05, 2.1152e-04, 9.3347e-04, 1.2812e-04,
        1.8350e-03, 4.6895e-04, 1.4326e-03, 1.1139e-03, 3.8812e-04, 5.5610e-04,
        1.0334e-03, 1.0105e-04, 1.4120e-03, 1.1655e-03, 1.2623e-03, 8.8453e-04,
        2.2603e-04, 1.0802e-03, 1.4893e-03, 1.9812e-04, 1.2343e-03, 1.1355e-03,
        1.2745e-03, 1.3453e-03, 3.9949e-04, 1.1705e-03, 1.3925e-03, 8.9022e-04,
        1.3359e-03, 1.6831e-03], device='cuda:0')epoch: 3, iter: 3627, avg_loss: 1206.0749, kl: 41.8765, mi: 0.0728, recon: 1164.1984,au 0, time elapsed 3335.06sau_vartensor([1.5298e-04, 1.4456e-05, 3.0847e-05, 6.8252e-05, 4.6559e-04, 1.9380e-04,
        8.6509e-04, 7.2769e-04, 1.0996e-05, 8.4905e-04, 7.3510e-05, 3.4754e-04,
        5.4902e-04, 1.0027e-04, 5.0886e-06, 3.5833e-04, 1.2492e-04, 1.6727e-05,
        1.7089e-04, 9.3558e-04, 9.9974e-05, 5.9442e-06, 1.3855e-04, 1.9395e-04,
        3.8602e-04, 1.4538e-04, 5.8823e-04, 5.0913e-04, 6.3393e-05, 1.8053e-04,
        6.3417e-04, 6.2064e-04], device='cuda:0')epoch: 3, iter: 3720, avg_loss: 1031.3244, kl: 64.3467, mi: 0.1251, recon: 966.9778,au 1, time elapsed 3406.86sau_vartensor([0.0014, 0.0106, 0.0037, 0.0005, 0.0007, 0.0002, 0.0010, 0.0018, 0.0070,
        0.0037, 0.0007, 0.0005, 0.0002, 0.0005, 0.0003, 0.0008, 0.0005, 0.0020,
        0.0015, 0.0019, 0.0035, 0.0005, 0.0006, 0.0012, 0.0018, 0.0022, 0.0018,
        0.0009, 0.0026, 0.0017, 0.0018, 0.0009], device='cuda:0')epoch: 3, iter: 3813, avg_loss: 2003.4077, kl: 25.1320, mi: 0.0314, recon: 1978.2756,au 0, time elapsed 3480.96sau_vartensor([4.2287e-04, 5.1620e-03, 2.1236e-03, 2.2552e-04, 7.1138e-04, 1.8273e-04,
        5.1143e-04, 1.6550e-03, 3.7238e-03, 1.9882e-03, 1.3860e-04, 2.2098e-04,
        1.1633e-04, 1.4902e-04, 1.3472e-04, 2.4040e-04, 9.2408e-05, 7.1438e-04,
        9.1333e-04, 8.4895e-04, 1.2760e-03, 4.8331e-04, 1.2671e-04, 5.2772e-05,
        1.6392e-03, 8.7748e-04, 1.6218e-03, 5.2907e-04, 1.0984e-03, 3.2188e-04,
        1.3885e-03, 1.9535e-04], device='cuda:0')epoch: 3, iter: 3906, avg_loss: 921.5281, kl: 43.8270, mi: -0.0538, recon: 877.7011,au 0, time elapsed 3549.86sau_vartensor([6.8217e-05, 1.5334e-03, 8.5133e-04, 2.0993e-05, 1.6460e-04, 5.9286e-04,
        1.6844e-04, 3.0054e-04, 7.9234e-04, 9.8000e-04, 8.6428e-05, 1.3727e-04,
        1.2166e-04, 9.4559e-06, 9.8203e-05, 1.6225e-04, 1.3422e-04, 3.3215e-05,
        6.6294e-04, 8.9150e-04, 3.7389e-04, 3.7638e-05, 1.7429e-05, 3.1638e-05,
        2.4467e-04, 4.3319e-04, 3.1332e-04, 9.9093e-05, 3.4668e-04, 3.7732e-04,
        6.4928e-04, 4.1914e-05], device='cuda:0')epoch: 3, iter: 3999, avg_loss: 1784.8206, kl: 26.1916, mi: 0.0001, recon: 1758.6290,au 0, time elapsed 3619.33sau_vartensor([7.1206e-05, 7.6181e-04, 6.6353e-04, 2.5766e-05, 8.0447e-05, 5.0144e-04,
        8.7887e-05, 1.7033e-04, 3.9968e-04, 2.9965e-04, 7.3827e-05, 7.3906e-05,
        5.5435e-05, 1.2659e-05, 1.3900e-04, 3.0995e-04, 1.9443e-05, 1.3913e-05,
        1.7950e-04, 3.3487e-04, 3.0545e-04, 4.1682e-05, 1.6794e-05, 8.3775e-05,
        1.7337e-04, 4.5029e-04, 2.0634e-04, 2.4001e-05, 7.6151e-05, 1.5685e-04,
        3.3701e-04, 6.0242e-05], device='cuda:0')epoch: 3, iter: 4092, avg_loss: 1226.3981, kl: 71.0261, mi: -0.0106, recon: 1155.3720,au 0, time elapsed 3689.51sau_vartensor([3.4200e-06, 3.5532e-06, 2.2603e-06, 2.7061e-06, 5.3933e-06, 4.0686e-06,
        4.2755e-06, 5.9395e-06, 4.0185e-06, 1.4741e-06, 2.4038e-06, 5.8261e-06,
        4.5725e-06, 8.4327e-06, 2.5551e-06, 1.3862e-06, 2.0621e-06, 3.2227e-06,
        8.4502e-07, 1.5279e-06, 2.9844e-06, 5.4361e-06, 6.2075e-07, 2.4460e-06,
        1.3564e-06, 1.4092e-06, 2.1230e-06, 4.2545e-07, 3.7926e-06, 5.1350e-07,
        3.3324e-06, 1.7941e-06], device='cuda:0')kl weight 1.00000 active unitsiw nll: 1762.3413, iw ppl: 75710855.4069mi: 0.0324, kl: 4.8378epoch: 4, iter: 4185, avg_loss: 1009.1770, kl: 61.8730, mi: 0.3968, recon: 947.3040,au 0, time elapsed 3944.19sau_vartensor([1.6834e-04, 7.9799e-06, 1.0997e-04, 1.9759e-04, 3.4826e-04, 1.0735e-05,
        3.2470e-04, 3.8974e-04, 6.8754e-05, 9.7444e-04, 3.0764e-06, 6.3999e-04,
        3.3694e-05, 7.5901e-06, 1.3259e-05, 5.4453e-05, 8.6313e-06, 2.1416e-05,
        1.9838e-04, 6.4098e-04, 2.2597e-04, 2.3640e-05, 3.1778e-05, 2.5927e-04,
        5.2344e-05, 8.9293e-05, 4.2729e-04, 3.7295e-06, 8.2711e-05, 8.1981e-04,
        2.7091e-04, 2.0462e-04], device='cuda:0')epoch: 4, iter: 4278, avg_loss: 1599.0406, kl: 34.3749, mi: -0.0090, recon: 1564.6657,au 0, time elapsed 4014.58sau_vartensor([1.8678e-04, 8.5171e-07, 1.1626e-04, 2.0807e-04, 3.2669e-04, 1.6155e-05,
        3.6454e-04, 4.0989e-04, 8.6459e-05, 1.0088e-03, 2.2318e-07, 5.8574e-04,
        3.9534e-05, 4.3843e-07, 2.8012e-05, 5.3645e-05, 2.0101e-06, 2.8276e-05,
        1.8594e-04, 6.7270e-04, 2.4040e-04, 1.2913e-05, 2.7433e-05, 2.7037e-04,
        5.5823e-05, 1.1159e-04, 4.1001e-04, 8.8467e-06, 9.1668e-05, 7.2656e-04,
        2.8598e-04, 2.2734e-04], device='cuda:0')epoch: 4, iter: 4371, avg_loss: 1787.5929, kl: 97.6667, mi: 1.2051, recon: 1689.9262,au 9, time elapsed 4085.71sau_vartensor([0.0051, 0.0031, 0.0084, 0.0055, 0.0098, 0.0136, 0.0064, 0.0066, 0.0080,
        0.0063, 0.0108, 0.0032, 0.0086, 0.0038, 0.0132, 0.0033, 0.0027, 0.0033,
        0.0043, 0.0105, 0.0091, 0.0023, 0.0181, 0.0131, 0.0164, 0.0041, 0.0049,
        0.0115, 0.0070, 0.0176, 0.0084, 0.0091], device='cuda:0')epoch: 4, iter: 4464, avg_loss: 1314.7771, kl: 38.7992, mi: 0.0826, recon: 1275.9779,au 2, time elapsed 4158.18sau_vartensor([0.0005, 0.0013, 0.0036, 0.0131, 0.0002, 0.0013, 0.0010, 0.0011, 0.0020,
        0.0013, 0.0024, 0.0016, 0.0023, 0.0016, 0.0039, 0.0014, 0.0017, 0.0019,
        0.0027, 0.0086, 0.0029, 0.0005, 0.0037, 0.0010, 0.0004, 0.0018, 0.0025,
        0.0028, 0.0007, 0.0155, 0.0012, 0.0026], device='cuda:0')epoch: 4, iter: 4557, avg_loss: 1425.5563, kl: 21.9549, mi: 0.1642, recon: 1403.6014,au 4, time elapsed 4228.61sau_vartensor([0.0014, 0.0107, 0.0074, 0.0075, 0.0080, 0.0031, 0.0032, 0.0063, 0.0087,
        0.0070, 0.0079, 0.0054, 0.0075, 0.0065, 0.0059, 0.0057, 0.0056, 0.0024,
        0.0075, 0.0068, 0.0172, 0.0044, 0.0088, 0.0074, 0.0095, 0.0039, 0.0021,
        0.0016, 0.0154, 0.0046, 0.0154, 0.0096], device='cuda:0')epoch: 4, iter: 4650, avg_loss: 1085.9289, kl: 52.4705, mi: 2.1130, recon: 1033.4584,au 23, time elapsed 4295.70sau_vartensor([0.0131, 0.0089, 0.0089, 0.0102, 0.0262, 0.0207, 0.0048, 0.0083, 0.0305,
        0.0173, 0.0174, 0.0083, 0.0112, 0.0054, 0.0280, 0.0089, 0.0138, 0.0098,
        0.0161, 0.0059, 0.0152, 0.0553, 0.0814, 0.0210, 0.0248, 0.0111, 0.0129,
        0.0150, 0.0505, 0.0665, 0.0305, 0.0266], device='cuda:0')epoch: 4, iter: 4743, avg_loss: 1046.3954, kl: 33.1186, mi: 0.9679, recon: 1013.2769,au 2, time elapsed 4366.42sau_vartensor([0.0019, 0.0016, 0.0012, 0.0020, 0.0021, 0.0154, 0.0015, 0.0007, 0.0026,
        0.0025, 0.0058, 0.0032, 0.0049, 0.0010, 0.0036, 0.0024, 0.0021, 0.0012,
        0.0009, 0.0031, 0.0015, 0.0027, 0.0026, 0.0023, 0.0028, 0.0082, 0.0013,
        0.0007, 0.0037, 0.0127, 0.0032, 0.0020], device='cuda:0')epoch: 4, iter: 4836, avg_loss: 933.9503, kl: 32.4632, mi: 0.2138, recon: 901.4871,au 1, time elapsed 4436.06sau_vartensor([0.0036, 0.0041, 0.0054, 0.0027, 0.0011, 0.0136, 0.0013, 0.0009, 0.0021,
        0.0025, 0.0039, 0.0034, 0.0033, 0.0033, 0.0040, 0.0018, 0.0016, 0.0035,
        0.0047, 0.0026, 0.0058, 0.0006, 0.0045, 0.0020, 0.0024, 0.0029, 0.0032,
        0.0006, 0.0042, 0.0029, 0.0033, 0.0058], device='cuda:0')epoch: 4, iter: 4929, avg_loss: 1242.7170, kl: 22.6210, mi: 0.0734, recon: 1220.0960,au 0, time elapsed 4507.71sau_vartensor([0.0043, 0.0002, 0.0008, 0.0031, 0.0034, 0.0013, 0.0012, 0.0013, 0.0022,
        0.0018, 0.0016, 0.0021, 0.0050, 0.0024, 0.0011, 0.0004, 0.0033, 0.0005,
        0.0013, 0.0010, 0.0022, 0.0034, 0.0029, 0.0005, 0.0033, 0.0030, 0.0019,
        0.0026, 0.0063, 0.0042, 0.0006, 0.0059], device='cuda:0')epoch: 4, iter: 5022, avg_loss: 1740.3243, kl: 186.6402, mi: 1.3609, recon: 1553.6840,au 32, time elapsed 4580.14sau_vartensor([0.0301, 0.0804, 0.0290, 0.0790, 0.0275, 0.0394, 0.0445, 0.0549, 0.0499,
        0.0254, 0.0297, 0.0425, 0.0558, 0.0364, 0.0417, 0.0352, 0.0405, 0.0491,
        0.0941, 0.0432, 0.0329, 0.0354, 0.0677, 0.0477, 0.0502, 0.0928, 0.0341,
        0.0590, 0.0382, 0.0590, 0.0584, 0.0530], device='cuda:0')